c:\users\kongyi\source\repos\helloworld\helloworld\debug\vc142.pdb
c:\users\kongyi\source\repos\helloworld\helloworld\debug\vc142.idb
c:\users\kongyi\source\repos\helloworld\helloworld\debug\aaa.obj
c:\users\kongyi\source\repos\helloworld\helloworld\debug\25.obj
c:\users\kongyi\source\repos\helloworld\helloworld\debug\3.obj
c:\users\kongyi\source\repos\helloworld\helloworld\debug\5.obj
c:\users\kongyi\source\repos\helloworld\helloworld\debug\6.obj
c:\users\kongyi\source\repos\helloworld\helloworld\debug\7.obj
c:\users\kongyi\source\repos\helloworld\helloworld\debug\8.obj
c:\users\kongyi\source\repos\helloworld\helloworld\debug\11.obj
c:\users\kongyi\source\repos\helloworld\helloworld\debug\212.obj
c:\users\kongyi\source\repos\helloworld\helloworld\debug\968.obj
c:\users\kongyi\source\repos\helloworld\helloworld\debug\164.obj
c:\users\kongyi\source\repos\helloworld\helloworld\debug\446.obj
c:\users\kongyi\source\repos\helloworld\helloworld\debug\4.obj
c:\users\kongyi\source\repos\helloworld\helloworld\debug\23.obj
c:\users\kongyi\source\repos\helloworld\helloworld\debug\10.obj
d:\git\algorithms\helloworld\helloworld\debug\vc142.pdb
d:\git\algorithms\helloworld\helloworld\debug\vc142.idb
d:\git\algorithms\helloworld\helloworld\debug\10.obj
d:\git\algorithms\helloworld\helloworld\debug\user.obj
d:\git\algorithms\helloworld\helloworld\debug\main.obj
d:\git\algorithms\helloworld\helloworld\debug\76.obj
d:\git\algorithms\helloworld\helloworld\debug\124.obj
d:\git\algorithms\helloworld\helloworld\debug\84.obj
d:\git\algorithms\helloworld\helloworld\debug\85.obj
d:\git\algorithms\helloworld\helloworld\debug\32.obj
d:\git\algorithms\helloworld\helloworld\debug\85_2.obj
d:\git\algorithms\helloworld\helloworld\debug\a_remaining_balls.obj
d:\git\algorithms\helloworld\helloworld\debug\c_distinct_or_not.obj
d:\git\algorithms\helloworld\helloworld\debug\d_dice_in_line.obj
d:\git\algorithms\helloworld\helloworld\debug\84_2.obj
d:\git\algorithms\helloworld\helloworld\debug\239.obj
d:\git\algorithms\helloworld\helloworld\debug\295.obj
d:\git\algorithms\helloworld\helloworld\debug\295_2.obj
d:\git\algorithms\helloworld\helloworld\debug\quick_sort_good_code.obj
d:\git\algorithms\helloworld\helloworld\debug\295_3.obj
d:\git\algorithms\helloworld\helloworld\debug\abc153_c.obj
d:\git\algorithms\helloworld\helloworld\debug\user_my.obj
d:\git\algorithms\helloworld\debug\helloworld.exe
d:\git\algorithms\helloworld\debug\helloworld.ilk
d:\git\algorithms\helloworld\debug\helloworld.pdb
d:\git\algorithms\helloworld\helloworld\debug\11.obj
d:\git\algorithms\helloworld\helloworld\debug\164.obj
d:\git\algorithms\helloworld\helloworld\debug\212.obj
d:\git\algorithms\helloworld\helloworld\debug\23.obj
d:\git\algorithms\helloworld\helloworld\debug\25.obj
d:\git\algorithms\helloworld\helloworld\debug\3.obj
d:\git\algorithms\helloworld\helloworld\debug\4.obj
d:\git\algorithms\helloworld\helloworld\debug\446.obj
d:\git\algorithms\helloworld\helloworld\debug\5.obj
d:\git\algorithms\helloworld\helloworld\debug\6.obj
d:\git\algorithms\helloworld\helloworld\debug\7.obj
d:\git\algorithms\helloworld\helloworld\debug\8.obj
d:\git\algorithms\helloworld\helloworld\debug\968.obj
d:\git\algorithms\helloworld\helloworld\debug\aaa.obj
d:\git\algorithms\helloworld\helloworld\debug\164.obj.enc
d:\git\algorithms\helloworld\helloworld\debug\212.obj.enc
d:\git\algorithms\helloworld\helloworld\debug\25.obj.enc
d:\git\algorithms\helloworld\helloworld\debug\c.obj.enc
d:\git\algorithms\helloworld\helloworld\debug\helloworld.tlog\cl.command.1.tlog
d:\git\algorithms\helloworld\helloworld\debug\helloworld.tlog\cl.read.1.tlog
d:\git\algorithms\helloworld\helloworld\debug\helloworld.tlog\cl.write.1.tlog
d:\git\algorithms\helloworld\helloworld\debug\helloworld.tlog\link.command.1.tlog
d:\git\algorithms\helloworld\helloworld\debug\helloworld.tlog\link.read.1.tlog
d:\git\algorithms\helloworld\helloworld\debug\helloworld.tlog\link.write.1.tlog
