c:\users\kongyi\documents\visual studio 2017\projects\baekjun\baekjun\debug\vc141.pdb
c:\users\kongyi\documents\visual studio 2017\projects\baekjun\baekjun\debug\vc141.idb
c:\users\kongyi\documents\visual studio 2017\projects\baekjun\baekjun\debug\networkflow.obj
c:\users\kongyi\documents\visual studio 2017\projects\baekjun\baekjun\debug\networkflow_past.obj
c:\users\kongyi\documents\visual studio 2017\projects\baekjun\baekjun\debug\2188.obj
c:\users\kongyi\documents\visual studio 2017\projects\baekjun\baekjun\debug\11375.obj
c:\users\kongyi\documents\visual studio 2017\projects\baekjun\baekjun\debug\11375_linkedlist.obj
c:\users\kongyi\documents\visual studio 2017\projects\baekjun\baekjun\debug\11375_past.obj
c:\users\kongyi\documents\visual studio 2017\projects\baekjun\baekjun\debug\speedtest.obj
c:\users\kongyi\documents\visual studio 2017\projects\baekjun\baekjun\debug\1019.obj
c:\users\kongyi\documents\visual studio 2017\projects\baekjun\baekjun\debug\2309.obj
c:\users\kongyi\documents\visual studio 2017\projects\baekjun\baekjun\debug\1020.obj
c:\users\kongyi\documents\visual studio 2017\projects\baekjun\baekjun\debug\1019_모범답안.obj
c:\users\kongyi\documents\visual studio 2017\projects\baekjun\baekjun\debug\2557.obj
c:\users\kongyi\documents\visual studio 2017\projects\baekjun\baekjun\debug\7287.obj
c:\users\kongyi\documents\visual studio 2017\projects\baekjun\baekjun\debug\10172.obj
c:\users\kongyi\documents\visual studio 2017\projects\baekjun\baekjun\debug\10718.obj
c:\users\kongyi\documents\visual studio 2017\projects\baekjun\baekjun\debug\11718.obj
c:\users\kongyi\documents\visual studio 2017\projects\baekjun\baekjun\debug\11719.obj
c:\users\kongyi\documents\visual studio 2017\projects\baekjun\baekjun\debug\10998.obj
c:\users\kongyi\documents\visual studio 2017\projects\baekjun\baekjun\debug\10869.obj
c:\users\kongyi\documents\visual studio 2017\projects\baekjun\baekjun\debug\10430.obj
c:\users\kongyi\documents\visual studio 2017\projects\baekjun\baekjun\debug\1011.obj
c:\users\kongyi\documents\visual studio 2017\projects\baekjun\baekjun\debug\2839.obj
c:\users\kongyi\documents\visual studio 2017\projects\baekjun\baekjun\debug\2741.obj
c:\users\kongyi\documents\visual studio 2017\projects\baekjun\baekjun\debug\2439.obj
c:\users\kongyi\documents\visual studio 2017\projects\baekjun\baekjun\debug\2440.obj
c:\users\kongyi\documents\visual studio 2017\projects\baekjun\baekjun\debug\2441.obj
c:\users\kongyi\documents\visual studio 2017\projects\baekjun\baekjun\debug\1014_모범답안.obj
c:\users\kongyi\documents\visual studio 2017\projects\baekjun\baekjun\debug\1014.obj
c:\users\kongyi\documents\visual studio 2017\projects\baekjun\baekjun\debug\1924.obj
c:\users\kongyi\documents\visual studio 2017\projects\baekjun\baekjun\debug\8393.obj
c:\users\kongyi\documents\visual studio 2017\projects\baekjun\baekjun\debug\11720.obj
c:\users\kongyi\documents\visual studio 2017\projects\baekjun\baekjun\debug\11721.obj
c:\users\kongyi\documents\visual studio 2017\projects\baekjun\baekjun\debug\9498.obj
c:\users\kongyi\documents\visual studio 2017\projects\baekjun\baekjun\debug\10817.obj
c:\users\kongyi\documents\visual studio 2017\projects\baekjun\baekjun\debug\10871.obj
c:\users\kongyi\documents\visual studio 2017\projects\baekjun\baekjun\debug\1546.obj
c:\users\kongyi\documents\visual studio 2017\projects\baekjun\baekjun\debug\4344.obj
c:\users\kongyi\documents\visual studio 2017\projects\baekjun\baekjun\debug\1110.obj
c:\users\kongyi\documents\visual studio 2017\projects\baekjun\baekjun\debug\4673.obj
c:\users\kongyi\documents\visual studio 2017\projects\baekjun\baekjun\debug\1065.obj
c:\users\kongyi\documents\visual studio 2017\projects\baekjun\baekjun\debug\2448.obj
c:\users\kongyi\documents\visual studio 2017\projects\baekjun\baekjun\debug\1152.obj
c:\users\kongyi\documents\visual studio 2017\projects\baekjun\baekjun\debug\2577.obj
c:\users\kongyi\documents\visual studio 2017\projects\baekjun\baekjun\debug\8958.obj
c:\users\kongyi\documents\visual studio 2017\projects\baekjun\baekjun\debug\2920.obj
c:\users\kongyi\documents\visual studio 2017\projects\baekjun\baekjun\debug\10039.obj
c:\users\kongyi\documents\visual studio 2017\projects\baekjun\baekjun\debug\11654.obj
c:\users\kongyi\documents\visual studio 2017\projects\baekjun\baekjun\debug\10809.obj
c:\users\kongyi\documents\visual studio 2017\projects\baekjun\baekjun\debug\2675.obj
c:\users\kongyi\documents\visual studio 2017\projects\baekjun\baekjun\debug\1157.obj
c:\users\kongyi\documents\visual studio 2017\projects\baekjun\baekjun\debug\1316.obj
c:\users\kongyi\documents\visual studio 2017\projects\baekjun\baekjun\debug\2908.obj
c:\users\kongyi\documents\visual studio 2017\projects\baekjun\baekjun\debug\5622.obj
c:\users\kongyi\documents\visual studio 2017\projects\baekjun\baekjun\debug\2941.obj
c:\users\kongyi\documents\visual studio 2017\projects\baekjun\baekjun\debug\2292.obj
c:\users\kongyi\documents\visual studio 2017\projects\baekjun\baekjun\debug\1193.obj
c:\users\kongyi\documents\visual studio 2017\projects\baekjun\baekjun\debug\1789.obj
c:\users\kongyi\documents\visual studio 2017\projects\baekjun\baekjun\debug\1021.obj
c:\users\kongyi\documents\visual studio 2017\projects\baekjun\baekjun\debug\10250.obj
c:\users\kongyi\documents\visual studio 2017\projects\baekjun\baekjun\debug\2775.obj
c:\users\kongyi\documents\visual studio 2017\projects\baekjun\baekjun\debug\1475.obj
c:\users\kongyi\documents\visual studio 2017\projects\baekjun\baekjun\debug\6064.obj
c:\users\kongyi\documents\visual studio 2017\projects\baekjun\baekjun\debug\2750.obj
c:\users\kongyi\documents\visual studio 2017\projects\baekjun\baekjun\debug\2751.obj
c:\users\kongyi\documents\visual studio 2017\projects\baekjun\baekjun\debug\2751_quicksort_built-in.obj
c:\users\kongyi\documents\visual studio 2017\projects\baekjun\baekjun\debug\heap.obj
c:\users\kongyi\documents\visual studio 2017\projects\baekjun\baekjun\debug\2751_heapsort.obj
c:\users\kongyi\documents\visual studio 2017\projects\baekjun\baekjun\debug\10989.obj
c:\users\kongyi\documents\visual studio 2017\projects\baekjun\baekjun\debug\2751_quicksort_handwork.obj
c:\users\kongyi\documents\visual studio 2017\projects\baekjun\baekjun\debug\9426.obj
c:\users\kongyi\documents\visual studio 2017\projects\baekjun\baekjun\debug\1026.obj
c:\users\kongyi\documents\visual studio 2017\projects\baekjun\baekjun\debug\1699_모범답안.obj
c:\users\kongyi\documents\visual studio 2017\projects\baekjun\baekjun\debug\7568.obj
c:\users\kongyi\documents\visual studio 2017\projects\baekjun\baekjun\debug\11055.obj
c:\users\kongyi\documents\visual studio 2017\projects\baekjun\baekjun\debug\1916.obj
c:\users\kongyi\documents\visual studio 2017\projects\baekjun\baekjun\debug\2108.obj
c:\users\kongyi\documents\visual studio 2017\projects\baekjun\baekjun\debug\1753.obj
c:\users\kongyi\documents\visual studio 2017\projects\baekjun\baekjun\debug\1427.obj
c:\users\kongyi\documents\visual studio 2017\projects\baekjun\baekjun\debug\1181.obj
c:\users\kongyi\documents\visual studio 2017\projects\baekjun\baekjun\debug\1978.obj
c:\users\kongyi\documents\visual studio 2017\projects\baekjun\baekjun\debug\1182.obj
c:\users\kongyi\documents\visual studio 2017\projects\baekjun\baekjun\debug\1182_2.obj
c:\users\kongyi\documents\visual studio 2017\projects\baekjun\baekjun\debug\1182_냅색.obj
c:\users\kongyi\documents\visual studio 2017\projects\baekjun\baekjun\debug\2583.obj
c:\users\kongyi\documents\visual studio 2017\projects\baekjun\baekjun\debug\9325.obj
c:\users\kongyi\documents\visual studio 2017\projects\baekjun\baekjun\debug\10867.obj
c:\users\kongyi\documents\visual studio 2017\projects\baekjun\baekjun\debug\10101.obj
c:\users\kongyi\documents\visual studio 2017\projects\baekjun\baekjun\debug\10807.obj
c:\users\kongyi\documents\visual studio 2017\projects\baekjun\baekjun\debug\1547.obj
c:\users\kongyi\documents\visual studio 2017\projects\baekjun\baekjun\debug\2231.obj
c:\users\kongyi\documents\visual studio 2017\projects\baekjun\baekjun\debug\9654.obj
c:\users\kongyi\documents\visual studio 2017\projects\baekjun\baekjun\debug\10987.obj
c:\users\kongyi\documents\visual studio 2017\projects\baekjun\baekjun\debug\2631.obj
c:\users\kongyi\documents\visual studio 2017\projects\baekjun\baekjun\debug\11728.obj
c:\users\kongyi\documents\visual studio 2017\projects\baekjun\baekjun\debug\11656.obj
c:\users\kongyi\documents\visual studio 2017\projects\baekjun\baekjun\debug\11943.obj
c:\users\kongyi\documents\visual studio 2017\projects\baekjun\baekjun\debug\5218.obj
c:\users\kongyi\documents\visual studio 2017\projects\baekjun\baekjun\debug\9076.obj
c:\users\kongyi\documents\visual studio 2017\projects\baekjun\baekjun\debug\11655.obj
c:\users\kongyi\documents\visual studio 2017\projects\baekjun\baekjun\debug\1408.obj
c:\users\kongyi\documents\visual studio 2017\projects\baekjun\baekjun\debug\9251.obj
c:\users\kongyi\documents\visual studio 2017\projects\baekjun\baekjun\debug\5522.obj
c:\users\kongyi\documents\visual studio 2017\projects\baekjun\baekjun\debug\2669.obj
c:\users\kongyi\documents\visual studio 2017\projects\baekjun\baekjun\debug\10821.obj
c:\users\kongyi\documents\visual studio 2017\projects\baekjun\baekjun\debug\10801.obj
c:\users\kongyi\documents\visual studio 2017\projects\baekjun\baekjun\debug\9455.obj
c:\users\kongyi\documents\visual studio 2017\projects\baekjun\baekjun\debug\4458.obj
c:\users\kongyi\documents\visual studio 2017\projects\baekjun\baekjun\debug\7572.obj
c:\users\kongyi\documents\visual studio 2017\projects\baekjun\baekjun\debug\1453.obj
c:\users\kongyi\documents\visual studio 2017\projects\baekjun\baekjun\debug\10102.obj
c:\users\kongyi\documents\visual studio 2017\projects\baekjun\baekjun\debug\5586.obj
c:\users\kongyi\documents\visual studio 2017\projects\baekjun\baekjun\debug\5988.obj
c:\users\kongyi\documents\visual studio 2017\projects\baekjun\baekjun\debug\3460.obj
c:\users\kongyi\documents\visual studio 2017\projects\baekjun\baekjun\debug\11945.obj
c:\users\kongyi\documents\visual studio 2017\projects\baekjun\baekjun\debug\10158.obj
c:\users\kongyi\documents\visual studio 2017\projects\baekjun\baekjun\debug\10159.obj
c:\users\kongyi\documents\visual studio 2017\projects\baekjun\baekjun\debug\2869.obj
c:\users\kongyi\documents\visual studio 2017\projects\baekjun\baekjun\debug\14659.obj
c:\users\kongyi\documents\visual studio 2017\projects\baekjun\baekjun\debug\9012.obj
c:\users\kongyi\documents\visual studio 2017\projects\baekjun\baekjun\debug\9494.obj
c:\users\kongyi\documents\visual studio 2017\projects\baekjun\baekjun\debug\6593.obj
c:\users\kongyi\documents\visual studio 2017\projects\baekjun\baekjun\debug\1356.obj
c:\users\kongyi\documents\visual studio 2017\projects\baekjun\baekjun\debug\1568.obj
c:\users\kongyi\documents\visual studio 2017\projects\baekjun\baekjun\debug\1717.obj
c:\users\kongyi\documents\visual studio 2017\projects\baekjun\baekjun\debug\2565.obj
c:\users\kongyi\documents\visual studio 2017\projects\baekjun\baekjun\debug\9659.obj
c:\users\kongyi\documents\visual studio 2017\projects\baekjun\baekjun\debug\9295.obj
c:\users\kongyi\documents\visual studio 2017\projects\baekjun\baekjun\debug\2720.obj
c:\users\kongyi\documents\visual studio 2017\projects\baekjun\baekjun\debug\2702.obj
c:\users\kongyi\documents\visual studio 2017\projects\baekjun\baekjun\debug\2789.obj
c:\users\kongyi\documents\visual studio 2017\projects\baekjun\baekjun\debug\7523.obj
c:\users\kongyi\documents\visual studio 2017\projects\baekjun\baekjun\debug\10865.obj
c:\users\kongyi\documents\visual studio 2017\projects\baekjun\baekjun\debug\14623.obj
c:\users\kongyi\documents\visual studio 2017\projects\baekjun\baekjun\debug\13136.obj
c:\users\kongyi\documents\visual studio 2017\projects\baekjun\baekjun\debug\2042.obj
c:\users\kongyi\documents\visual studio 2017\projects\baekjun\baekjun\debug\2042_모범답안.obj
c:\users\kongyi\documents\visual studio 2017\projects\baekjun\baekjun\debug\4948.obj
c:\users\kongyi\documents\visual studio 2017\projects\baekjun\baekjun\debug\9202.obj
c:\users\kongyi\documents\visual studio 2017\projects\baekjun\baekjun\debug\10828.obj
c:\users\kongyi\documents\visual studio 2017\projects\baekjun\baekjun\debug\1874.obj
c:\users\kongyi\documents\visual studio 2017\projects\baekjun\baekjun\debug\1850.obj
c:\users\kongyi\documents\visual studio 2017\projects\baekjun\baekjun\debug\11726.obj
c:\users\kongyi\documents\visual studio 2017\projects\baekjun\baekjun\debug\2167.obj
c:\users\kongyi\documents\visual studio 2017\projects\baekjun\baekjun\debug\1085.obj
c:\users\kongyi\documents\visual studio 2017\projects\baekjun\baekjun\debug\2455.obj
c:\users\kongyi\documents\visual studio 2017\projects\baekjun\baekjun\debug\1920.obj
c:\users\kongyi\documents\visual studio 2017\projects\baekjun\baekjun\debug\2588.obj
c:\users\kongyi\documents\visual studio 2017\projects\baekjun\baekjun\debug\5337.obj
c:\users\kongyi\documents\visual studio 2017\projects\baekjun\baekjun\debug\2576.obj
c:\users\kongyi\documents\visual studio 2017\projects\baekjun\baekjun\debug\1292.obj
c:\users\kongyi\documents\visual studio 2017\projects\baekjun\baekjun\debug\1931.obj
c:\users\kongyi\documents\visual studio 2017\projects\baekjun\baekjun\debug\9613.obj
c:\users\kongyi\documents\visual studio 2017\projects\baekjun\baekjun\debug\117722.obj
c:\users\kongyi\documents\visual studio 2017\projects\baekjun\baekjun\debug\11050.obj
c:\users\kongyi\documents\visual studio 2017\projects\baekjun\baekjun\debug\10988.obj
c:\users\kongyi\documents\visual studio 2017\projects\baekjun\baekjun\debug\10451.obj
c:\users\kongyi\documents\visual studio 2017\projects\baekjun\baekjun\debug\5361.obj
c:\users\kongyi\documents\visual studio 2017\projects\baekjun\baekjun\debug\10819.obj
c:\users\kongyi\documents\visual studio 2017\projects\baekjun\baekjun\debug\10819_back.obj
c:\users\kongyi\documents\visual studio 2017\projects\baekjun\baekjun\debug\10974.obj
c:\users\kongyi\documents\visual studio 2017\projects\baekjun\baekjun\debug\2745.obj
c:\users\kongyi\documents\visual studio 2017\projects\baekjun\baekjun\debug\2003.obj
c:\users\kongyi\documents\visual studio 2017\projects\baekjun\baekjun\debug\2003_twopointer.obj
c:\users\kongyi\documents\visual studio 2017\projects\baekjun\baekjun\debug\10448.obj
c:\users\kongyi\documents\visual studio 2017\projects\baekjun\baekjun\debug\10448_bruteforce.obj
c:\users\kongyi\documents\visual studio 2017\projects\baekjun\baekjun\debug\11659.obj
c:\users\kongyi\documents\visual studio 2017\projects\baekjun\baekjun\debug\1963.obj
c:\users\kongyi\documents\visual studio 2017\projects\baekjun\baekjun\debug\5598.obj
c:\users\kongyi\documents\visual studio 2017\projects\baekjun\baekjun\debug\11005.obj
c:\users\kongyi\documents\visual studio 2017\projects\baekjun\baekjun\debug\12791.obj
c:\users\kongyi\documents\visual studio 2017\projects\baekjun\baekjun\debug\11724.obj
c:\users\kongyi\documents\visual studio 2017\projects\baekjun\baekjun\debug\11054.obj
c:\users\kongyi\documents\visual studio 2017\projects\baekjun\baekjun\debug\9084.obj
c:\users\kongyi\documents\visual studio 2017\projects\baekjun\baekjun\debug\5054.obj
c:\users\kongyi\documents\visual studio 2017\projects\baekjun\baekjun\debug\9610.obj
c:\users\kongyi\documents\visual studio 2017\projects\baekjun\baekjun\debug\2738.obj
c:\users\kongyi\documents\visual studio 2017\projects\baekjun\baekjun\debug\10822.obj
c:\users\kongyi\documents\visual studio 2017\projects\baekjun\baekjun\debug\11382.obj
c:\users\kongyi\documents\visual studio 2017\projects\baekjun\baekjun\debug\2979.obj
c:\users\kongyi\documents\visual studio 2017\projects\baekjun\baekjun\debug\11023.obj
c:\users\kongyi\documents\visual studio 2017\projects\baekjun\baekjun\debug\11966.obj
c:\users\kongyi\documents\visual studio 2017\projects\baekjun\baekjun\debug\5724.obj
c:\users\kongyi\documents\visual studio 2017\projects\baekjun\baekjun\debug\11948.obj
c:\users\kongyi\documents\visual studio 2017\projects\baekjun\baekjun\debug\1551.obj
c:\users\kongyi\documents\visual studio 2017\projects\baekjun\baekjun\debug\10773.obj
c:\users\kongyi\documents\visual studio 2017\projects\baekjun\baekjun\debug\10163.obj
c:\users\kongyi\documents\visual studio 2017\projects\baekjun\baekjun\debug\5789.obj
c:\users\kongyi\documents\visual studio 2017\projects\baekjun\baekjun\debug\11866.obj
c:\users\kongyi\documents\visual studio 2017\projects\baekjun\baekjun\debug\14581.obj
c:\users\kongyi\documents\visual studio 2017\projects\baekjun\baekjun\debug\10768.obj
c:\users\kongyi\documents\visual studio 2017\projects\baekjun\baekjun\debug\14655.obj
c:\users\kongyi\documents\visual studio 2017\projects\baekjun\baekjun\debug\2660.obj
c:\users\kongyi\documents\visual studio 2017\projects\baekjun\baekjun\debug\2495.obj
c:\users\kongyi\documents\visual studio 2017\projects\baekjun\baekjun\debug\10811.obj
c:\users\kongyi\documents\visual studio 2017\projects\baekjun\baekjun\debug\1871.obj
c:\users\kongyi\documents\visual studio 2017\projects\baekjun\baekjun\debug\11098.obj
c:\users\kongyi\documents\visual studio 2017\projects\baekjun\baekjun\debug\11586.obj
c:\users\kongyi\documents\visual studio 2017\projects\baekjun\baekjun\debug\9243.obj
c:\users\kongyi\documents\visual studio 2017\projects\baekjun\baekjun\debug\11575.obj
c:\users\kongyi\documents\visual studio 2017\projects\baekjun\baekjun\debug\4880.obj
c:\users\kongyi\documents\visual studio 2017\projects\baekjun\baekjun\debug\10973.obj
c:\users\kongyi\documents\visual studio 2017\projects\baekjun\baekjun\debug\11365.obj
c:\users\kongyi\documents\visual studio 2017\projects\baekjun\baekjun\debug\2954.obj
c:\users\kongyi\documents\visual studio 2017\projects\baekjun\baekjun\debug\12778.obj
c:\users\kongyi\documents\visual studio 2017\projects\baekjun\baekjun\debug\5176.obj
c:\users\kongyi\documents\visual studio 2017\projects\baekjun\baekjun\debug\11502.obj
c:\users\kongyi\documents\visual studio 2017\projects\baekjun\baekjun\debug\6321.obj
c:\users\kongyi\documents\visual studio 2017\projects\baekjun\baekjun\debug\2164.obj
c:\users\kongyi\documents\visual studio 2017\projects\baekjun\baekjun\debug\1780.obj
c:\users\kongyi\documents\visual studio 2017\projects\baekjun\baekjun\debug\1992.obj
c:\users\kongyi\documents\visual studio 2017\projects\baekjun\baekjun\debug\2252.obj
c:\users\kongyi\documents\visual studio 2017\projects\baekjun\baekjun\debug\9094.obj
c:\users\kongyi\documents\visual studio 2017\projects\baekjun\baekjun\debug\1922.obj
c:\users\kongyi\documents\visual studio 2017\projects\baekjun\baekjun\debug\4597.obj
c:\users\kongyi\documents\visual studio 2017\projects\baekjun\baekjun\debug\1654.obj
c:\users\kongyi\documents\visual studio 2017\projects\baekjun\baekjun\debug\2302.obj
c:\users\kongyi\documents\visual studio 2017\projects\baekjun\baekjun\debug\13560.obj
c:\users\kongyi\documents\visual studio 2017\projects\baekjun\baekjun\debug\13561.obj
c:\users\kongyi\documents\visual studio 2017\projects\baekjun\baekjun\debug\2751_.obj
c:\users\kongyi\documents\visual studio 2017\projects\baekjun\baekjun\debug\1100.obj
c:\users\kongyi\documents\visual studio 2017\projects\baekjun\baekjun\debug\2751_pr.obj
c:\users\kongyi\documents\visual studio 2017\projects\baekjun\baekjun\debug\2042_sol.obj
c:\users\kongyi\documents\visual studio 2017\projects\baekjun\baekjun\debug\2042_pr.obj
c:\users\kongyi\documents\visual studio 2017\projects\baekjun\baekjun\debug\2042_seg.obj
c:\users\kongyi\documents\visual studio 2017\projects\baekjun\baekjun\debug\2098_pr.obj
c:\users\kongyi\documents\visual studio 2017\projects\baekjun\baekjun\debug\2098_sol.obj
c:\users\kongyi\documents\visual studio 2017\projects\baekjun\baekjun\debug\1920_.obj
c:\users\kongyi\documents\visual studio 2017\projects\baekjun\baekjun\debug\10815.obj
c:\users\kongyi\documents\visual studio 2017\projects\baekjun\baekjun\debug\2178.obj
c:\users\kongyi\documents\visual studio 2017\projects\baekjun\baekjun\debug\1912.obj
c:\users\kongyi\documents\visual studio 2017\projects\baekjun\baekjun\debug\11376.obj
c:\users\kongyi\documents\visual studio 2017\projects\baekjun\baekjun\debug\11376_compact.obj
c:\users\kongyi\documents\visual studio 2017\projects\baekjun\baekjun\debug\1181_.obj
c:\users\kongyi\documents\visual studio 2017\projects\baekjun\baekjun\debug\2805.obj
c:\users\kongyi\documents\visual studio 2017\projects\baekjun\baekjun\debug\1260.obj
c:\users\kongyi\documents\visual studio 2017\projects\baekjun\baekjun\debug\11376_re.obj
c:\users\kongyi\documents\visual studio 2017\projects\baekjun\baekjun\debug\11650.obj
c:\users\kongyi\documents\visual studio 2017\projects\baekjun\baekjun\debug\2512.obj
c:\users\kongyi\documents\visual studio 2017\projects\baekjun\baekjun\debug\1697.obj
c:\users\kongyi\documents\visual studio 2017\projects\baekjun\baekjun\debug\1298.obj
c:\users\kongyi\documents\visual studio 2017\projects\baekjun\baekjun\debug\1912_n3.obj
c:\users\kongyi\documents\visual studio 2017\projects\baekjun\baekjun\debug\1912_n2.obj
c:\users\kongyi\documents\visual studio 2017\projects\baekjun\baekjun\debug\1912_n2_ver2.obj
c:\users\kongyi\documents\visual studio 2017\projects\baekjun\baekjun\debug\1912_nlogn.obj
c:\users\kongyi\documents\visual studio 2017\projects\baekjun\baekjun\debug\2098_re.obj
c:\users\kongyi\documents\visual studio 2017\projects\baekjun\baekjun\debug\1431.obj
c:\users\kongyi\documents\visual studio 2017\projects\baekjun\baekjun\debug\10868.obj
c:\users\kongyi\documents\visual studio 2017\projects\baekjun\baekjun\debug\10868_re.obj
c:\users\kongyi\documents\visual studio 2017\projects\baekjun\baekjun\debug\2718_re.obj
c:\users\kongyi\documents\visual studio 2017\projects\baekjun\baekjun\debug\1014_모범답안.obj.enc
c:\users\kongyi\documents\visual studio 2017\projects\baekjun\baekjun\debug\1019.obj.enc
c:\users\kongyi\documents\visual studio 2017\projects\baekjun\baekjun\debug\1019_모범답안.obj.enc
c:\users\kongyi\documents\visual studio 2017\projects\baekjun\baekjun\debug\1110.obj.enc
c:\users\kongyi\documents\visual studio 2017\projects\baekjun\baekjun\debug\1356.obj.enc
c:\users\kongyi\documents\visual studio 2017\projects\baekjun\baekjun\debug\1408.obj.enc
c:\users\kongyi\documents\visual studio 2017\projects\baekjun\baekjun\debug\1546.obj.enc
c:\users\kongyi\documents\visual studio 2017\projects\baekjun\baekjun\debug\1789.new.obj.enc
c:\users\kongyi\documents\visual studio 2017\projects\baekjun\baekjun\debug\1963.obj.enc
c:\users\kongyi\documents\visual studio 2017\projects\baekjun\baekjun\debug\2098_re.obj.enc
c:\users\kongyi\documents\visual studio 2017\projects\baekjun\baekjun\debug\2164.obj.enc
c:\users\kongyi\documents\visual studio 2017\projects\baekjun\baekjun\debug\2512.obj.enc
c:\users\kongyi\documents\visual studio 2017\projects\baekjun\baekjun\debug\9251.obj.enc
c:\users\kongyi\documents\visual studio 2017\projects\baekjun\baekjun\debug\networkflow.obj.enc
c:\users\kongyi\documents\visual studio 2017\projects\baekjun\debug\baekjun.pdb
c:\users\kongyi\documents\visual studio 2017\projects\baekjun\debug\baekjun.exe
c:\users\kongyi\documents\visual studio 2017\projects\baekjun\debug\baekjun.ilk
c:\users\kongyi\documents\visual studio 2017\projects\baekjun\baekjun\debug\baekjun.tlog\cl.command.1.tlog
c:\users\kongyi\documents\visual studio 2017\projects\baekjun\baekjun\debug\baekjun.tlog\cl.read.1.tlog
c:\users\kongyi\documents\visual studio 2017\projects\baekjun\baekjun\debug\baekjun.tlog\cl.write.1.tlog
c:\users\kongyi\documents\visual studio 2017\projects\baekjun\baekjun\debug\baekjun.tlog\link.command.1.tlog
c:\users\kongyi\documents\visual studio 2017\projects\baekjun\baekjun\debug\baekjun.tlog\link.read.1.tlog
c:\users\kongyi\documents\visual studio 2017\projects\baekjun\baekjun\debug\baekjun.tlog\link.write.1.tlog
